{"C:\\Users\\paulo\\Documents\\Studies\\KCD\\jest-cypress-react-babel-webpack\\src\\calculator.js": {"path":"C:\\Users\\paulo\\Documents\\Studies\\KCD\\jest-cypress-react-babel-webpack\\src\\calculator.js","statementMap":{"0":{"start":{"line":7,"column":2},"end":{"line":9,"column":3}},"1":{"start":{"line":11,"column":0},"end":{"line":13,"column":1}},"2":{"start":{"line":15,"column":29},"end":{"line":21,"column":1}},"3":{"start":{"line":16,"column":33},"end":{"line":16,"column":54}},"4":{"start":{"line":17,"column":33},"end":{"line":17,"column":54}},"5":{"start":{"line":18,"column":33},"end":{"line":18,"column":54}},"6":{"start":{"line":19,"column":33},"end":{"line":19,"column":54}},"7":{"start":{"line":20,"column":33},"end":{"line":20,"column":42}},"8":{"start":{"line":24,"column":2},"end":{"line":24,"column":39}},"9":{"start":{"line":28,"column":28},"end":{"line":33,"column":4}},"10":{"start":{"line":34,"column":61},"end":{"line":34,"column":66}},"11":{"start":{"line":37,"column":16},"end":{"line":37,"column":21}},"12":{"start":{"line":39,"column":4},"end":{"line":39,"column":34}},"13":{"start":{"line":39,"column":25},"end":{"line":39,"column":34}},"14":{"start":{"line":41,"column":4},"end":{"line":64,"column":5}},"15":{"start":{"line":42,"column":6},"end":{"line":42,"column":28}},"16":{"start":{"line":43,"column":6},"end":{"line":43,"column":35}},"17":{"start":{"line":44,"column":11},"end":{"line":64,"column":5}},"18":{"start":{"line":45,"column":6},"end":{"line":45,"column":28}},"19":{"start":{"line":46,"column":6},"end":{"line":46,"column":27}},"20":{"start":{"line":47,"column":11},"end":{"line":64,"column":5}},"21":{"start":{"line":48,"column":6},"end":{"line":48,"column":28}},"22":{"start":{"line":49,"column":6},"end":{"line":49,"column":16}},"23":{"start":{"line":50,"column":11},"end":{"line":64,"column":5}},"24":{"start":{"line":51,"column":6},"end":{"line":51,"column":28}},"25":{"start":{"line":52,"column":6},"end":{"line":52,"column":20}},"26":{"start":{"line":53,"column":11},"end":{"line":64,"column":5}},"27":{"start":{"line":54,"column":6},"end":{"line":54,"column":28}},"28":{"start":{"line":55,"column":6},"end":{"line":55,"column":21}},"29":{"start":{"line":56,"column":11},"end":{"line":64,"column":5}},"30":{"start":{"line":57,"column":6},"end":{"line":57,"column":28}},"31":{"start":{"line":59,"column":6},"end":{"line":63,"column":7}},"32":{"start":{"line":60,"column":8},"end":{"line":60,"column":18}},"33":{"start":{"line":62,"column":8},"end":{"line":62,"column":22}},"34":{"start":{"line":67,"column":2},"end":{"line":70,"column":4}},"35":{"start":{"line":68,"column":4},"end":{"line":68,"column":55}},"36":{"start":{"line":69,"column":4},"end":{"line":69,"column":71}},"37":{"start":{"line":69,"column":17},"end":{"line":69,"column":71}},"38":{"start":{"line":73,"column":4},"end":{"line":78,"column":6}},"39":{"start":{"line":82,"column":4},"end":{"line":84,"column":6}},"40":{"start":{"line":88,"column":4},"end":{"line":90,"column":6}},"41":{"start":{"line":94,"column":21},"end":{"line":94,"column":50}},"42":{"start":{"line":96,"column":4},"end":{"line":98,"column":6}},"43":{"start":{"line":102,"column":25},"end":{"line":102,"column":49}},"44":{"start":{"line":104,"column":4},"end":{"line":104,"column":34}},"45":{"start":{"line":104,"column":28},"end":{"line":104,"column":34}},"46":{"start":{"line":106,"column":24},"end":{"line":106,"column":61}},"47":{"start":{"line":107,"column":21},"end":{"line":107,"column":51}},"48":{"start":{"line":109,"column":4},"end":{"line":111,"column":6}},"49":{"start":{"line":115,"column":4},"end":{"line":120,"column":5}},"50":{"start":{"line":116,"column":6},"end":{"line":119,"column":8}},"51":{"start":{"line":124,"column":4},"end":{"line":134,"column":5}},"52":{"start":{"line":125,"column":6},"end":{"line":128,"column":8}},"53":{"start":{"line":130,"column":6},"end":{"line":133,"column":8}},"54":{"start":{"line":138,"column":23},"end":{"line":138,"column":47}},"55":{"start":{"line":140,"column":4},"end":{"line":152,"column":5}},"56":{"start":{"line":141,"column":6},"end":{"line":143,"column":8}},"57":{"start":{"line":144,"column":11},"end":{"line":152,"column":5}},"58":{"start":{"line":145,"column":27},"end":{"line":145,"column":37}},"59":{"start":{"line":146,"column":23},"end":{"line":146,"column":79}},"60":{"start":{"line":148,"column":6},"end":{"line":151,"column":8}},"61":{"start":{"line":154,"column":4},"end":{"line":157,"column":6}},"62":{"start":{"line":160,"column":27},"end":{"line":160,"column":47}},"63":{"start":{"line":161,"column":20},"end":{"line":161,"column":49}},"64":{"start":{"line":163,"column":2},"end":{"line":292,"column":3}},"65":{"start":{"line":175,"column":30},"end":{"line":175,"column":76}},"66":{"start":{"line":181,"column":29},"end":{"line":181,"column":41}},"67":{"start":{"line":187,"column":29},"end":{"line":187,"column":43}},"68":{"start":{"line":195,"column":29},"end":{"line":195,"column":42}},"69":{"start":{"line":199,"column":68},"end":{"line":199,"column":78}},"70":{"start":{"line":204,"column":29},"end":{"line":204,"column":42}},"71":{"start":{"line":210,"column":29},"end":{"line":210,"column":42}},"72":{"start":{"line":216,"column":29},"end":{"line":216,"column":42}},"73":{"start":{"line":222,"column":29},"end":{"line":222,"column":42}},"74":{"start":{"line":228,"column":29},"end":{"line":228,"column":42}},"75":{"start":{"line":234,"column":29},"end":{"line":234,"column":42}},"76":{"start":{"line":240,"column":29},"end":{"line":240,"column":42}},"77":{"start":{"line":246,"column":29},"end":{"line":246,"column":42}},"78":{"start":{"line":252,"column":29},"end":{"line":252,"column":42}},"79":{"start":{"line":261,"column":27},"end":{"line":261,"column":48}},"80":{"start":{"line":267,"column":27},"end":{"line":267,"column":48}},"81":{"start":{"line":273,"column":27},"end":{"line":273,"column":48}},"82":{"start":{"line":279,"column":27},"end":{"line":279,"column":48}},"83":{"start":{"line":285,"column":27},"end":{"line":285,"column":48}}},"fnMap":{"0":{"name":"CalculatorKey","decl":{"start":{"line":6,"column":9},"end":{"line":6,"column":22}},"loc":{"start":{"line":6,"column":51},"end":{"line":10,"column":1}},"line":6},"1":{"name":"(anonymous_1)","decl":{"start":{"line":16,"column":7},"end":{"line":16,"column":8}},"loc":{"start":{"line":16,"column":33},"end":{"line":16,"column":54}},"line":16},"2":{"name":"(anonymous_2)","decl":{"start":{"line":17,"column":7},"end":{"line":17,"column":8}},"loc":{"start":{"line":17,"column":33},"end":{"line":17,"column":54}},"line":17},"3":{"name":"(anonymous_3)","decl":{"start":{"line":18,"column":7},"end":{"line":18,"column":8}},"loc":{"start":{"line":18,"column":33},"end":{"line":18,"column":54}},"line":18},"4":{"name":"(anonymous_4)","decl":{"start":{"line":19,"column":7},"end":{"line":19,"column":8}},"loc":{"start":{"line":19,"column":33},"end":{"line":19,"column":54}},"line":19},"5":{"name":"(anonymous_5)","decl":{"start":{"line":20,"column":7},"end":{"line":20,"column":8}},"loc":{"start":{"line":20,"column":33},"end":{"line":20,"column":42}},"line":20},"6":{"name":"calcReducer","decl":{"start":{"line":23,"column":9},"end":{"line":23,"column":20}},"loc":{"start":{"line":23,"column":45},"end":{"line":25,"column":1}},"line":23},"7":{"name":"Calculator","decl":{"start":{"line":27,"column":9},"end":{"line":27,"column":19}},"loc":{"start":{"line":27,"column":22},"end":{"line":293,"column":1}},"line":27},"8":{"name":"handleKeyDown","decl":{"start":{"line":36,"column":11},"end":{"line":36,"column":24}},"loc":{"start":{"line":36,"column":32},"end":{"line":65,"column":3}},"line":36},"9":{"name":"(anonymous_9)","decl":{"start":{"line":67,"column":18},"end":{"line":67,"column":19}},"loc":{"start":{"line":67,"column":24},"end":{"line":70,"column":3}},"line":67},"10":{"name":"(anonymous_10)","decl":{"start":{"line":69,"column":11},"end":{"line":69,"column":12}},"loc":{"start":{"line":69,"column":17},"end":{"line":69,"column":71}},"line":69},"11":{"name":"clearAll","decl":{"start":{"line":72,"column":11},"end":{"line":72,"column":19}},"loc":{"start":{"line":72,"column":22},"end":{"line":79,"column":3}},"line":72},"12":{"name":"clearDisplay","decl":{"start":{"line":81,"column":11},"end":{"line":81,"column":23}},"loc":{"start":{"line":81,"column":26},"end":{"line":85,"column":3}},"line":81},"13":{"name":"clearLastChar","decl":{"start":{"line":87,"column":11},"end":{"line":87,"column":24}},"loc":{"start":{"line":87,"column":27},"end":{"line":91,"column":3}},"line":87},"14":{"name":"toggleSign","decl":{"start":{"line":93,"column":11},"end":{"line":93,"column":21}},"loc":{"start":{"line":93,"column":24},"end":{"line":99,"column":3}},"line":93},"15":{"name":"inputPercent","decl":{"start":{"line":101,"column":11},"end":{"line":101,"column":23}},"loc":{"start":{"line":101,"column":26},"end":{"line":112,"column":3}},"line":101},"16":{"name":"inputDot","decl":{"start":{"line":114,"column":11},"end":{"line":114,"column":19}},"loc":{"start":{"line":114,"column":22},"end":{"line":121,"column":3}},"line":114},"17":{"name":"inputDigit","decl":{"start":{"line":123,"column":11},"end":{"line":123,"column":21}},"loc":{"start":{"line":123,"column":29},"end":{"line":135,"column":3}},"line":123},"18":{"name":"performOperation","decl":{"start":{"line":137,"column":11},"end":{"line":137,"column":27}},"loc":{"start":{"line":137,"column":42},"end":{"line":158,"column":3}},"line":137},"19":{"name":"(anonymous_19)","decl":{"start":{"line":175,"column":23},"end":{"line":175,"column":24}},"loc":{"start":{"line":175,"column":30},"end":{"line":175,"column":76}},"line":175},"20":{"name":"(anonymous_20)","decl":{"start":{"line":181,"column":23},"end":{"line":181,"column":24}},"loc":{"start":{"line":181,"column":29},"end":{"line":181,"column":41}},"line":181},"21":{"name":"(anonymous_21)","decl":{"start":{"line":187,"column":23},"end":{"line":187,"column":24}},"loc":{"start":{"line":187,"column":29},"end":{"line":187,"column":43}},"line":187},"22":{"name":"(anonymous_22)","decl":{"start":{"line":195,"column":23},"end":{"line":195,"column":24}},"loc":{"start":{"line":195,"column":29},"end":{"line":195,"column":42}},"line":195},"23":{"name":"(anonymous_23)","decl":{"start":{"line":199,"column":62},"end":{"line":199,"column":63}},"loc":{"start":{"line":199,"column":68},"end":{"line":199,"column":78}},"line":199},"24":{"name":"(anonymous_24)","decl":{"start":{"line":204,"column":23},"end":{"line":204,"column":24}},"loc":{"start":{"line":204,"column":29},"end":{"line":204,"column":42}},"line":204},"25":{"name":"(anonymous_25)","decl":{"start":{"line":210,"column":23},"end":{"line":210,"column":24}},"loc":{"start":{"line":210,"column":29},"end":{"line":210,"column":42}},"line":210},"26":{"name":"(anonymous_26)","decl":{"start":{"line":216,"column":23},"end":{"line":216,"column":24}},"loc":{"start":{"line":216,"column":29},"end":{"line":216,"column":42}},"line":216},"27":{"name":"(anonymous_27)","decl":{"start":{"line":222,"column":23},"end":{"line":222,"column":24}},"loc":{"start":{"line":222,"column":29},"end":{"line":222,"column":42}},"line":222},"28":{"name":"(anonymous_28)","decl":{"start":{"line":228,"column":23},"end":{"line":228,"column":24}},"loc":{"start":{"line":228,"column":29},"end":{"line":228,"column":42}},"line":228},"29":{"name":"(anonymous_29)","decl":{"start":{"line":234,"column":23},"end":{"line":234,"column":24}},"loc":{"start":{"line":234,"column":29},"end":{"line":234,"column":42}},"line":234},"30":{"name":"(anonymous_30)","decl":{"start":{"line":240,"column":23},"end":{"line":240,"column":24}},"loc":{"start":{"line":240,"column":29},"end":{"line":240,"column":42}},"line":240},"31":{"name":"(anonymous_31)","decl":{"start":{"line":246,"column":23},"end":{"line":246,"column":24}},"loc":{"start":{"line":246,"column":29},"end":{"line":246,"column":42}},"line":246},"32":{"name":"(anonymous_32)","decl":{"start":{"line":252,"column":23},"end":{"line":252,"column":24}},"loc":{"start":{"line":252,"column":29},"end":{"line":252,"column":42}},"line":252},"33":{"name":"(anonymous_33)","decl":{"start":{"line":261,"column":21},"end":{"line":261,"column":22}},"loc":{"start":{"line":261,"column":27},"end":{"line":261,"column":48}},"line":261},"34":{"name":"(anonymous_34)","decl":{"start":{"line":267,"column":21},"end":{"line":267,"column":22}},"loc":{"start":{"line":267,"column":27},"end":{"line":267,"column":48}},"line":267},"35":{"name":"(anonymous_35)","decl":{"start":{"line":273,"column":21},"end":{"line":273,"column":22}},"loc":{"start":{"line":273,"column":27},"end":{"line":273,"column":48}},"line":273},"36":{"name":"(anonymous_36)","decl":{"start":{"line":279,"column":21},"end":{"line":279,"column":22}},"loc":{"start":{"line":279,"column":27},"end":{"line":279,"column":48}},"line":279},"37":{"name":"(anonymous_37)","decl":{"start":{"line":285,"column":21},"end":{"line":285,"column":22}},"loc":{"start":{"line":285,"column":27},"end":{"line":285,"column":48}},"line":285}},"branchMap":{"0":{"loc":{"start":{"line":6,"column":24},"end":{"line":6,"column":38}},"type":"default-arg","locations":[{"start":{"line":6,"column":36},"end":{"line":6,"column":38}}],"line":6},"1":{"loc":{"start":{"line":39,"column":4},"end":{"line":39,"column":34}},"type":"if","locations":[{"start":{"line":39,"column":4},"end":{"line":39,"column":34}},{"start":{"line":39,"column":4},"end":{"line":39,"column":34}}],"line":39},"2":{"loc":{"start":{"line":41,"column":4},"end":{"line":64,"column":5}},"type":"if","locations":[{"start":{"line":41,"column":4},"end":{"line":64,"column":5}},{"start":{"line":41,"column":4},"end":{"line":64,"column":5}}],"line":41},"3":{"loc":{"start":{"line":44,"column":11},"end":{"line":64,"column":5}},"type":"if","locations":[{"start":{"line":44,"column":11},"end":{"line":64,"column":5}},{"start":{"line":44,"column":11},"end":{"line":64,"column":5}}],"line":44},"4":{"loc":{"start":{"line":47,"column":11},"end":{"line":64,"column":5}},"type":"if","locations":[{"start":{"line":47,"column":11},"end":{"line":64,"column":5}},{"start":{"line":47,"column":11},"end":{"line":64,"column":5}}],"line":47},"5":{"loc":{"start":{"line":50,"column":11},"end":{"line":64,"column":5}},"type":"if","locations":[{"start":{"line":50,"column":11},"end":{"line":64,"column":5}},{"start":{"line":50,"column":11},"end":{"line":64,"column":5}}],"line":50},"6":{"loc":{"start":{"line":53,"column":11},"end":{"line":64,"column":5}},"type":"if","locations":[{"start":{"line":53,"column":11},"end":{"line":64,"column":5}},{"start":{"line":53,"column":11},"end":{"line":64,"column":5}}],"line":53},"7":{"loc":{"start":{"line":56,"column":11},"end":{"line":64,"column":5}},"type":"if","locations":[{"start":{"line":56,"column":11},"end":{"line":64,"column":5}},{"start":{"line":56,"column":11},"end":{"line":64,"column":5}}],"line":56},"8":{"loc":{"start":{"line":59,"column":6},"end":{"line":63,"column":7}},"type":"if","locations":[{"start":{"line":59,"column":6},"end":{"line":63,"column":7}},{"start":{"line":59,"column":6},"end":{"line":63,"column":7}}],"line":59},"9":{"loc":{"start":{"line":89,"column":20},"end":{"line":89,"column":77}},"type":"binary-expr","locations":[{"start":{"line":89,"column":20},"end":{"line":89,"column":70}},{"start":{"line":89,"column":74},"end":{"line":89,"column":77}}],"line":89},"10":{"loc":{"start":{"line":104,"column":4},"end":{"line":104,"column":34}},"type":"if","locations":[{"start":{"line":104,"column":4},"end":{"line":104,"column":34}},{"start":{"line":104,"column":4},"end":{"line":104,"column":34}}],"line":104},"11":{"loc":{"start":{"line":115,"column":4},"end":{"line":120,"column":5}},"type":"if","locations":[{"start":{"line":115,"column":4},"end":{"line":120,"column":5}},{"start":{"line":115,"column":4},"end":{"line":120,"column":5}}],"line":115},"12":{"loc":{"start":{"line":124,"column":4},"end":{"line":134,"column":5}},"type":"if","locations":[{"start":{"line":124,"column":4},"end":{"line":134,"column":5}},{"start":{"line":124,"column":4},"end":{"line":134,"column":5}}],"line":124},"13":{"loc":{"start":{"line":132,"column":10},"end":{"line":132,"column":69}},"type":"cond-expr","locations":[{"start":{"line":132,"column":33},"end":{"line":132,"column":46}},{"start":{"line":132,"column":49},"end":{"line":132,"column":69}}],"line":132},"14":{"loc":{"start":{"line":140,"column":4},"end":{"line":152,"column":5}},"type":"if","locations":[{"start":{"line":140,"column":4},"end":{"line":152,"column":5}},{"start":{"line":140,"column":4},"end":{"line":152,"column":5}}],"line":140},"15":{"loc":{"start":{"line":144,"column":11},"end":{"line":152,"column":5}},"type":"if","locations":[{"start":{"line":144,"column":11},"end":{"line":152,"column":5}},{"start":{"line":144,"column":11},"end":{"line":152,"column":5}}],"line":144},"16":{"loc":{"start":{"line":145,"column":27},"end":{"line":145,"column":37}},"type":"binary-expr","locations":[{"start":{"line":145,"column":27},"end":{"line":145,"column":32}},{"start":{"line":145,"column":36},"end":{"line":145,"column":37}}],"line":145},"17":{"loc":{"start":{"line":161,"column":20},"end":{"line":161,"column":49}},"type":"cond-expr","locations":[{"start":{"line":161,"column":39},"end":{"line":161,"column":42}},{"start":{"line":161,"column":45},"end":{"line":161,"column":49}}],"line":161},"18":{"loc":{"start":{"line":175,"column":30},"end":{"line":175,"column":76}},"type":"cond-expr","locations":[{"start":{"line":175,"column":49},"end":{"line":175,"column":63}},{"start":{"line":175,"column":66},"end":{"line":175,"column":76}}],"line":175}},"s":{"0":57,"1":1,"2":1,"3":0,"4":0,"5":0,"6":0,"7":0,"8":2,"9":3,"10":3,"11":0,"12":0,"13":0,"14":0,"15":0,"16":0,"17":0,"18":0,"19":0,"20":0,"21":0,"22":0,"23":0,"24":0,"25":0,"26":0,"27":0,"28":0,"29":0,"30":0,"31":0,"32":0,"33":0,"34":3,"35":3,"36":3,"37":3,"38":0,"39":1,"40":0,"41":0,"42":0,"43":0,"44":0,"45":0,"46":0,"47":0,"48":0,"49":0,"50":0,"51":1,"52":0,"53":1,"54":0,"55":0,"56":0,"57":0,"58":0,"59":0,"60":0,"61":0,"62":3,"63":3,"64":3,"65":1,"66":0,"67":0,"68":0,"69":0,"70":0,"71":0,"72":1,"73":0,"74":0,"75":0,"76":0,"77":0,"78":0,"79":0,"80":0,"81":0,"82":0,"83":0},"f":{"0":57,"1":0,"2":0,"3":0,"4":0,"5":0,"6":2,"7":3,"8":0,"9":3,"10":3,"11":0,"12":1,"13":0,"14":0,"15":0,"16":0,"17":1,"18":0,"19":1,"20":0,"21":0,"22":0,"23":0,"24":0,"25":0,"26":1,"27":0,"28":0,"29":0,"30":0,"31":0,"32":0,"33":0,"34":0,"35":0,"36":0,"37":0},"b":{"0":[0],"1":[0,0],"2":[0,0],"3":[0,0],"4":[0,0],"5":[0,0],"6":[0,0],"7":[0,0],"8":[0,0],"9":[0,0],"10":[0,0],"11":[0,0],"12":[0,1],"13":[1,0],"14":[0,0],"15":[0,0],"16":[0,0],"17":[1,2],"18":[1,0]},"_coverageSchema":"43e27e138ebf9cfc5966b082cf9a028302ed4184","hash":"2f0da9ecc28e7bab6c9bed42a6b79f2b77b40475"}
,"C:\\Users\\paulo\\Documents\\Studies\\KCD\\jest-cypress-react-babel-webpack\\src\\themes.js": {"path":"C:\\Users\\paulo\\Documents\\Studies\\KCD\\jest-cypress-react-babel-webpack\\src\\themes.js","statementMap":{"0":{"start":{"line":1,"column":20},"end":{"line":4,"column":1}},"1":{"start":{"line":6,"column":21},"end":{"line":9,"column":1}}},"fnMap":{},"branchMap":{},"s":{"0":3,"1":3},"f":{},"b":{},"_coverageSchema":"43e27e138ebf9cfc5966b082cf9a028302ed4184","hash":"033d6e8871c9b556c0e24cade78811be3ccb2544"}
,"C:\\Users\\paulo\\Documents\\Studies\\KCD\\jest-cypress-react-babel-webpack\\src\\shared\\auto-scaling-text.js": {"path":"C:\\Users\\paulo\\Documents\\Studies\\KCD\\jest-cypress-react-babel-webpack\\src\\shared\\auto-scaling-text.js","statementMap":{"0":{"start":{"line":7,"column":2},"end":{"line":9,"column":3}},"1":{"start":{"line":8,"column":4},"end":{"line":8,"column":12}},"2":{"start":{"line":11,"column":21},"end":{"line":11,"column":36}},"3":{"start":{"line":13,"column":25},"end":{"line":13,"column":47}},"4":{"start":{"line":14,"column":22},"end":{"line":14,"column":38}},"5":{"start":{"line":15,"column":22},"end":{"line":15,"column":50}},"6":{"start":{"line":17,"column":2},"end":{"line":19,"column":3}},"7":{"start":{"line":18,"column":4},"end":{"line":18,"column":28}},"8":{"start":{"line":20,"column":2},"end":{"line":20,"column":10}},"9":{"start":{"line":24,"column":18},"end":{"line":24,"column":32}},"10":{"start":{"line":25,"column":16},"end":{"line":25,"column":41}},"11":{"start":{"line":26,"column":2},"end":{"line":35,"column":3}},"12":{"start":{"line":37,"column":0},"end":{"line":39,"column":1}}},"fnMap":{"0":{"name":"getScale","decl":{"start":{"line":5,"column":9},"end":{"line":5,"column":17}},"loc":{"start":{"line":5,"column":24},"end":{"line":21,"column":1}},"line":5},"1":{"name":"AutoScalingText","decl":{"start":{"line":23,"column":9},"end":{"line":23,"column":24}},"loc":{"start":{"line":23,"column":37},"end":{"line":36,"column":1}},"line":23}},"branchMap":{"0":{"loc":{"start":{"line":7,"column":2},"end":{"line":9,"column":3}},"type":"if","locations":[{"start":{"line":7,"column":2},"end":{"line":9,"column":3}},{"start":{"line":7,"column":2},"end":{"line":9,"column":3}}],"line":7},"1":{"loc":{"start":{"line":17,"column":2},"end":{"line":19,"column":3}},"type":"if","locations":[{"start":{"line":17,"column":2},"end":{"line":19,"column":3}},{"start":{"line":17,"column":2},"end":{"line":19,"column":3}}],"line":17}},"s":{"0":6,"1":3,"2":3,"3":3,"4":3,"5":3,"6":3,"7":0,"8":3,"9":6,"10":6,"11":6,"12":3},"f":{"0":6,"1":6},"b":{"0":[3,3],"1":[0,3]},"_coverageSchema":"43e27e138ebf9cfc5966b082cf9a028302ed4184","hash":"788b48bd15301b7423ee5bc80dbf5b4dd6068e13"}
,"C:\\Users\\paulo\\Documents\\Studies\\KCD\\jest-cypress-react-babel-webpack\\src\\shared\\calculator-display.js": {"path":"C:\\Users\\paulo\\Documents\\Studies\\KCD\\jest-cypress-react-babel-webpack\\src\\shared\\calculator-display.js","statementMap":{"0":{"start":{"line":7,"column":25},"end":{"line":18,"column":1}},"1":{"start":{"line":14,"column":18},"end":{"line":17,"column":3}},"2":{"start":{"line":21,"column":25},"end":{"line":24,"column":3}},"3":{"start":{"line":26,"column":2},"end":{"line":30,"column":3}},"4":{"start":{"line":33,"column":0},"end":{"line":35,"column":1}}},"fnMap":{"0":{"name":"(anonymous_0)","decl":{"start":{"line":14,"column":2},"end":{"line":14,"column":3}},"loc":{"start":{"line":14,"column":18},"end":{"line":17,"column":3}},"line":14},"1":{"name":"CalculatorDisplay","decl":{"start":{"line":20,"column":9},"end":{"line":20,"column":26}},"loc":{"start":{"line":20,"column":48},"end":{"line":31,"column":1}},"line":20}},"branchMap":{"0":{"loc":{"start":{"line":23,"column":4},"end":{"line":23,"column":71}},"type":"cond-expr","locations":[{"start":{"line":23,"column":36},"end":{"line":23,"column":43}},{"start":{"line":23,"column":46},"end":{"line":23,"column":71}}],"line":23}},"s":{"0":2,"1":5,"2":5,"3":5,"4":2},"f":{"0":5,"1":5},"b":{"0":[0,5]},"_coverageSchema":"43e27e138ebf9cfc5966b082cf9a028302ed4184","hash":"a5b4c5986c0361cf87d172026160eb28375a70d1"}
,"C:\\Users\\paulo\\Documents\\Studies\\KCD\\jest-cypress-react-babel-webpack\\src\\shared\\super-heroes.js": {"path":"C:\\Users\\paulo\\Documents\\Studies\\KCD\\jest-cypress-react-babel-webpack\\src\\shared\\super-heroes.js","statementMap":{"0":{"start":{"line":1,"column":15},"end":{"line":14,"column":1}},"1":{"start":{"line":15,"column":36},"end":{"line":15,"column":92}},"2":{"start":{"line":15,"column":42},"end":{"line":15,"column":92}},"3":{"start":{"line":15,"column":64},"end":{"line":15,"column":91}}},"fnMap":{"0":{"name":"(anonymous_0)","decl":{"start":{"line":15,"column":36},"end":{"line":15,"column":37}},"loc":{"start":{"line":15,"column":42},"end":{"line":15,"column":92}},"line":15},"1":{"name":"(anonymous_1)","decl":{"start":{"line":15,"column":56},"end":{"line":15,"column":57}},"loc":{"start":{"line":15,"column":64},"end":{"line":15,"column":91}},"line":15}},"branchMap":{},"s":{"0":1,"1":1,"2":2,"3":6},"f":{"0":2,"1":6},"b":{},"_coverageSchema":"43e27e138ebf9cfc5966b082cf9a028302ed4184","hash":"ce91ce02300244a39c28b50a8bb532eac01baca1"}
,"C:\\Users\\paulo\\Documents\\Studies\\KCD\\jest-cypress-react-babel-webpack\\src\\shared\\utils.js": {"path":"C:\\Users\\paulo\\Documents\\Studies\\KCD\\jest-cypress-react-babel-webpack\\src\\shared\\utils.js","statementMap":{"0":{"start":{"line":2,"column":23},"end":{"line":5,"column":4}},"1":{"start":{"line":8,"column":16},"end":{"line":8,"column":42}},"2":{"start":{"line":10,"column":2},"end":{"line":12,"column":3}},"3":{"start":{"line":11,"column":4},"end":{"line":11,"column":66}},"4":{"start":{"line":13,"column":2},"end":{"line":13,"column":23}}},"fnMap":{"0":{"name":"getFormattedValue","decl":{"start":{"line":1,"column":9},"end":{"line":1,"column":26}},"loc":{"start":{"line":1,"column":54},"end":{"line":14,"column":1}},"line":1}},"branchMap":{"0":{"loc":{"start":{"line":1,"column":34},"end":{"line":1,"column":52}},"type":"default-arg","locations":[{"start":{"line":1,"column":45},"end":{"line":1,"column":52}}],"line":1},"1":{"loc":{"start":{"line":10,"column":2},"end":{"line":12,"column":3}},"type":"if","locations":[{"start":{"line":10,"column":2},"end":{"line":12,"column":3}},{"start":{"line":10,"column":2},"end":{"line":12,"column":3}}],"line":10},"2":{"loc":{"start":{"line":11,"column":22},"end":{"line":11,"column":66}},"type":"cond-expr","locations":[{"start":{"line":11,"column":47},"end":{"line":11,"column":55}},{"start":{"line":11,"column":58},"end":{"line":11,"column":66}}],"line":11}},"s":{"0":6,"1":6,"2":6,"3":1,"4":6},"f":{"0":6},"b":{"0":[1],"1":[1,5],"2":[0,1]},"_coverageSchema":"43e27e138ebf9cfc5966b082cf9a028302ed4184","hash":"9d1f4ecbd6498acd2fc4d476ecac78767cfc8f34"}
,"C:\\Users\\paulo\\Documents\\Studies\\KCD\\jest-cypress-react-babel-webpack\\test\\calculator-test-utils.js": {"path":"C:\\Users\\paulo\\Documents\\Studies\\KCD\\jest-cypress-react-babel-webpack\\test\\calculator-test-utils.js","statementMap":{"0":{"start":{"line":9,"column":4},"end":{"line":9,"column":66}},"1":{"start":{"line":11,"column":2},"end":{"line":13,"column":3}},"2":{"start":{"line":15,"column":2},"end":{"line":15,"column":54}}},"fnMap":{"0":{"name":"render","decl":{"start":{"line":7,"column":9},"end":{"line":7,"column":15}},"loc":{"start":{"line":7,"column":60},"end":{"line":16,"column":1}},"line":7},"1":{"name":"Wrapper","decl":{"start":{"line":8,"column":11},"end":{"line":8,"column":18}},"loc":{"start":{"line":8,"column":31},"end":{"line":10,"column":3}},"line":8}},"branchMap":{"0":{"loc":{"start":{"line":7,"column":20},"end":{"line":7,"column":58}},"type":"default-arg","locations":[{"start":{"line":7,"column":56},"end":{"line":7,"column":58}}],"line":7},"1":{"loc":{"start":{"line":7,"column":21},"end":{"line":7,"column":40}},"type":"default-arg","locations":[{"start":{"line":7,"column":29},"end":{"line":7,"column":40}}],"line":7}},"s":{"0":4,"1":3,"2":3},"f":{"0":3,"1":4},"b":{"0":[2],"1":[2]},"_coverageSchema":"43e27e138ebf9cfc5966b082cf9a028302ed4184","hash":"eadf5e72419c965c9254e8c5a1fe38e5fff6cf09"}
}
