TN:
SF:C:\Users\paulo\Documents\Studies\KCD\jest-cypress-react-babel-webpack\src\calculator.js
FN:6,CalculatorKey
FN:16,(anonymous_1)
FN:17,(anonymous_2)
FN:18,(anonymous_3)
FN:19,(anonymous_4)
FN:20,(anonymous_5)
FN:23,calcReducer
FN:27,Calculator
FN:36,handleKeyDown
FN:67,(anonymous_9)
FN:69,(anonymous_10)
FN:72,clearAll
FN:81,clearDisplay
FN:87,clearLastChar
FN:93,toggleSign
FN:101,inputPercent
FN:114,inputDot
FN:123,inputDigit
FN:137,performOperation
FN:175,(anonymous_19)
FN:181,(anonymous_20)
FN:187,(anonymous_21)
FN:195,(anonymous_22)
FN:199,(anonymous_23)
FN:204,(anonymous_24)
FN:210,(anonymous_25)
FN:216,(anonymous_26)
FN:222,(anonymous_27)
FN:228,(anonymous_28)
FN:234,(anonymous_29)
FN:240,(anonymous_30)
FN:246,(anonymous_31)
FN:252,(anonymous_32)
FN:261,(anonymous_33)
FN:267,(anonymous_34)
FN:273,(anonymous_35)
FN:279,(anonymous_36)
FN:285,(anonymous_37)
FNF:38
FNH:9
FNDA:57,CalculatorKey
FNDA:0,(anonymous_1)
FNDA:0,(anonymous_2)
FNDA:0,(anonymous_3)
FNDA:0,(anonymous_4)
FNDA:0,(anonymous_5)
FNDA:2,calcReducer
FNDA:3,Calculator
FNDA:0,handleKeyDown
FNDA:3,(anonymous_9)
FNDA:3,(anonymous_10)
FNDA:0,clearAll
FNDA:1,clearDisplay
FNDA:0,clearLastChar
FNDA:0,toggleSign
FNDA:0,inputPercent
FNDA:0,inputDot
FNDA:1,inputDigit
FNDA:0,performOperation
FNDA:1,(anonymous_19)
FNDA:0,(anonymous_20)
FNDA:0,(anonymous_21)
FNDA:0,(anonymous_22)
FNDA:0,(anonymous_23)
FNDA:0,(anonymous_24)
FNDA:0,(anonymous_25)
FNDA:1,(anonymous_26)
FNDA:0,(anonymous_27)
FNDA:0,(anonymous_28)
FNDA:0,(anonymous_29)
FNDA:0,(anonymous_30)
FNDA:0,(anonymous_31)
FNDA:0,(anonymous_32)
FNDA:0,(anonymous_33)
FNDA:0,(anonymous_34)
FNDA:0,(anonymous_35)
FNDA:0,(anonymous_36)
FNDA:0,(anonymous_37)
DA:7,57
DA:11,1
DA:15,1
DA:16,0
DA:17,0
DA:18,0
DA:19,0
DA:20,0
DA:24,2
DA:28,3
DA:34,3
DA:37,0
DA:39,0
DA:41,0
DA:42,0
DA:43,0
DA:44,0
DA:45,0
DA:46,0
DA:47,0
DA:48,0
DA:49,0
DA:50,0
DA:51,0
DA:52,0
DA:53,0
DA:54,0
DA:55,0
DA:56,0
DA:57,0
DA:59,0
DA:60,0
DA:62,0
DA:67,3
DA:68,3
DA:69,3
DA:73,0
DA:82,1
DA:88,0
DA:94,0
DA:96,0
DA:102,0
DA:104,0
DA:106,0
DA:107,0
DA:109,0
DA:115,0
DA:116,0
DA:124,1
DA:125,0
DA:130,1
DA:138,0
DA:140,0
DA:141,0
DA:144,0
DA:145,0
DA:146,0
DA:148,0
DA:154,0
DA:160,3
DA:161,3
DA:163,3
DA:175,1
DA:181,0
DA:187,0
DA:195,0
DA:199,0
DA:204,0
DA:210,0
DA:216,1
DA:222,0
DA:228,0
DA:234,0
DA:240,0
DA:246,0
DA:252,0
DA:261,0
DA:267,0
DA:273,0
DA:279,0
DA:285,0
LF:81
LH:17
BRDA:6,0,0,0
BRDA:39,1,0,0
BRDA:39,1,1,0
BRDA:41,2,0,0
BRDA:41,2,1,0
BRDA:44,3,0,0
BRDA:44,3,1,0
BRDA:47,4,0,0
BRDA:47,4,1,0
BRDA:50,5,0,0
BRDA:50,5,1,0
BRDA:53,6,0,0
BRDA:53,6,1,0
BRDA:56,7,0,0
BRDA:56,7,1,0
BRDA:59,8,0,0
BRDA:59,8,1,0
BRDA:89,9,0,0
BRDA:89,9,1,0
BRDA:104,10,0,0
BRDA:104,10,1,0
BRDA:115,11,0,0
BRDA:115,11,1,0
BRDA:124,12,0,0
BRDA:124,12,1,1
BRDA:132,13,0,1
BRDA:132,13,1,0
BRDA:140,14,0,0
BRDA:140,14,1,0
BRDA:144,15,0,0
BRDA:144,15,1,0
BRDA:145,16,0,0
BRDA:145,16,1,0
BRDA:161,17,0,1
BRDA:161,17,1,2
BRDA:175,18,0,1
BRDA:175,18,1,0
BRF:37
BRH:5
end_of_record
TN:
SF:C:\Users\paulo\Documents\Studies\KCD\jest-cypress-react-babel-webpack\src\themes.js
FNF:0
FNH:0
DA:1,3
DA:6,3
LF:2
LH:2
BRF:0
BRH:0
end_of_record
TN:
SF:C:\Users\paulo\Documents\Studies\KCD\jest-cypress-react-babel-webpack\src\shared\auto-scaling-text.js
FN:5,getScale
FN:23,AutoScalingText
FNF:2
FNH:2
FNDA:6,getScale
FNDA:6,AutoScalingText
DA:7,6
DA:8,3
DA:11,3
DA:13,3
DA:14,3
DA:15,3
DA:17,3
DA:18,0
DA:20,3
DA:24,6
DA:25,6
DA:26,6
DA:37,3
LF:13
LH:12
BRDA:7,0,0,3
BRDA:7,0,1,3
BRDA:17,1,0,0
BRDA:17,1,1,3
BRF:4
BRH:3
end_of_record
TN:
SF:C:\Users\paulo\Documents\Studies\KCD\jest-cypress-react-babel-webpack\src\shared\calculator-display.js
FN:14,(anonymous_0)
FN:20,CalculatorDisplay
FNF:2
FNH:2
FNDA:5,(anonymous_0)
FNDA:5,CalculatorDisplay
DA:7,2
DA:14,5
DA:21,5
DA:26,5
DA:33,2
LF:5
LH:5
BRDA:23,0,0,0
BRDA:23,0,1,5
BRF:2
BRH:1
end_of_record
TN:
SF:C:\Users\paulo\Documents\Studies\KCD\jest-cypress-react-babel-webpack\src\shared\super-heroes.js
FN:15,(anonymous_0)
FN:15,(anonymous_1)
FNF:2
FNH:2
FNDA:2,(anonymous_0)
FNDA:6,(anonymous_1)
DA:1,1
DA:15,6
LF:2
LH:2
BRF:0
BRH:0
end_of_record
TN:
SF:C:\Users\paulo\Documents\Studies\KCD\jest-cypress-react-babel-webpack\src\shared\utils.js
FN:1,getFormattedValue
FNF:1
FNH:1
FNDA:6,getFormattedValue
DA:2,6
DA:8,6
DA:10,6
DA:11,1
DA:13,6
LF:5
LH:5
BRDA:1,0,0,1
BRDA:10,1,0,1
BRDA:10,1,1,5
BRDA:11,2,0,0
BRDA:11,2,1,1
BRF:5
BRH:4
end_of_record
TN:
SF:C:\Users\paulo\Documents\Studies\KCD\jest-cypress-react-babel-webpack\test\calculator-test-utils.js
FN:7,render
FN:8,Wrapper
FNF:2
FNH:2
FNDA:3,render
FNDA:4,Wrapper
DA:9,4
DA:11,3
DA:15,3
LF:3
LH:3
BRDA:7,0,0,2
BRDA:7,1,0,2
BRF:2
BRH:2
end_of_record
